INFO - MAIN_Logger - "2021-12-18 19:36:27,450": PYTHON VERSION: 3.9.7 (tags/v3.9.7:1016ef3, Aug 30 2021, 20:19:38) [MSC v.1929 64 bit (AMD64)]
INFO - MAIN_Logger - "2021-12-18 19:36:27,450": PLATFORM: win32
INFO - MAIN_Logger - "2021-12-18 19:36:27,649": Loaded [<Modules.NXBrew.Settings object at 0x0000027195D044C0>, <Modules.TemplateModule.Settings object at 0x0000027195D04430>, <Modules.WOWRoms.Settings object at 0x0000027195D04490>] module(s)
INFO - MAIN_Logger - "2021-12-18 19:41:34,497": PYTHON VERSION: 3.9.7 (tags/v3.9.7:1016ef3, Aug 30 2021, 20:19:38) [MSC v.1929 64 bit (AMD64)]
INFO - MAIN_Logger - "2021-12-18 19:41:34,498": PLATFORM: win32
INFO - MAIN_Logger - "2021-12-18 19:41:34,628": Loaded [<Modules.NXBrew.Settings object at 0x0000024B7A274430>, <Modules.TemplateModule.Settings object at 0x0000024B7A2743A0>, <Modules.WOWRoms.Settings object at 0x0000024B7A274400>] module(s)
INFO - MAIN_Logger - "2021-12-18 19:41:59,744": PYTHON VERSION: 3.9.7 (tags/v3.9.7:1016ef3, Aug 30 2021, 20:19:38) [MSC v.1929 64 bit (AMD64)]
INFO - MAIN_Logger - "2021-12-18 19:41:59,744": PLATFORM: win32
INFO - MAIN_Logger - "2021-12-18 19:41:59,875": Loaded [<Modules.NXBrew.Settings object at 0x0000027AFC5BD250>, <Modules.TemplateModule.Settings object at 0x0000027AFC5BD1C0>, <Modules.WOWRoms.Settings object at 0x0000027AFC5BD220>] module(s)
INFO - MAIN_Logger - "2021-12-18 19:43:33,458": PYTHON VERSION: 3.9.7 (tags/v3.9.7:1016ef3, Aug 30 2021, 20:19:38) [MSC v.1929 64 bit (AMD64)]
INFO - MAIN_Logger - "2021-12-18 19:43:33,458": PLATFORM: win32
INFO - MAIN_Logger - "2021-12-18 19:43:33,583": Loaded [<Modules.NXBrew.Settings object at 0x000002430EC3D250>, <Modules.TemplateModule.Settings object at 0x000002430EC3D1C0>, <Modules.WOWRoms.Settings object at 0x000002430EC3D220>] module(s)
INFO - MAIN_Logger - "2021-12-18 19:44:13,130": PYTHON VERSION: 3.9.7 (tags/v3.9.7:1016ef3, Aug 30 2021, 20:19:38) [MSC v.1929 64 bit (AMD64)]
INFO - MAIN_Logger - "2021-12-18 19:44:13,130": PLATFORM: win32
INFO - MAIN_Logger - "2021-12-18 19:44:13,294": Loaded [<Modules.NXBrew.Settings object at 0x0000019CFE5DD250>, <Modules.TemplateModule.Settings object at 0x0000019CFE5DD1C0>, <Modules.WOWRoms.Settings object at 0x0000019CFE5DD220>] module(s)
INFO - MAIN_Logger - "2021-12-18 19:44:37,106": PYTHON VERSION: 3.9.7 (tags/v3.9.7:1016ef3, Aug 30 2021, 20:19:38) [MSC v.1929 64 bit (AMD64)]
INFO - MAIN_Logger - "2021-12-18 19:44:37,107": PLATFORM: win32
INFO - MAIN_Logger - "2021-12-18 19:44:37,222": Loaded [<Modules.NXBrew.Settings object at 0x00000182D9EDD250>, <Modules.TemplateModule.Settings object at 0x00000182D9EDD1C0>, <Modules.WOWRoms.Settings object at 0x00000182D9EDD220>] module(s)
INFO - MAIN_Logger - "2021-12-18 19:44:54,369": PYTHON VERSION: 3.9.7 (tags/v3.9.7:1016ef3, Aug 30 2021, 20:19:38) [MSC v.1929 64 bit (AMD64)]
INFO - MAIN_Logger - "2021-12-18 19:44:54,369": PLATFORM: win32
INFO - MAIN_Logger - "2021-12-18 19:44:54,489": Loaded [<Modules.NXBrew.Settings object at 0x0000017BA99DD250>, <Modules.TemplateModule.Settings object at 0x0000017BA99DD1C0>, <Modules.WOWRoms.Settings object at 0x0000017BA99DD220>] module(s)
INFO - MAIN_Logger - "2021-12-18 19:46:12,335": PYTHON VERSION: 3.9.7 (tags/v3.9.7:1016ef3, Aug 30 2021, 20:19:38) [MSC v.1929 64 bit (AMD64)]
INFO - MAIN_Logger - "2021-12-18 19:46:12,335": PLATFORM: win32
INFO - MAIN_Logger - "2021-12-18 19:46:12,445": Loaded [<Modules.NXBrew.Settings object at 0x000001CDAB0AD250>, <Modules.TemplateModule.Settings object at 0x000001CDAB0AD1C0>, <Modules.WOWRoms.Settings object at 0x000001CDAB0AD220>] module(s)
INFO - MAIN_Logger - "2021-12-18 19:47:49,878": PYTHON VERSION: 3.9.7 (tags/v3.9.7:1016ef3, Aug 30 2021, 20:19:38) [MSC v.1929 64 bit (AMD64)]
INFO - MAIN_Logger - "2021-12-18 19:47:49,878": PLATFORM: win32
INFO - MAIN_Logger - "2021-12-18 19:47:50,013": Loaded [<Modules.NXBrew.Settings object at 0x0000015A37EFD250>, <Modules.TemplateModule.Settings object at 0x0000015A37EFD1C0>, <Modules.WOWRoms.Settings object at 0x0000015A37EFD220>] module(s)
INFO - MAIN_Logger - "2021-12-18 19:48:01,919": PYTHON VERSION: 3.9.7 (tags/v3.9.7:1016ef3, Aug 30 2021, 20:19:38) [MSC v.1929 64 bit (AMD64)]
INFO - MAIN_Logger - "2021-12-18 19:48:01,919": PLATFORM: win32
INFO - MAIN_Logger - "2021-12-18 19:48:02,048": Loaded [<Modules.NXBrew.Settings object at 0x000001C940ECD250>, <Modules.TemplateModule.Settings object at 0x000001C940ECD1C0>, <Modules.WOWRoms.Settings object at 0x000001C940ECD220>] module(s)
INFO - MAIN_Logger - "2021-12-18 19:48:16,120": PYTHON VERSION: 3.9.7 (tags/v3.9.7:1016ef3, Aug 30 2021, 20:19:38) [MSC v.1929 64 bit (AMD64)]
INFO - MAIN_Logger - "2021-12-18 19:48:16,120": PLATFORM: win32
INFO - MAIN_Logger - "2021-12-18 19:48:16,251": Loaded [<Modules.NXBrew.Settings object at 0x000001F8F5EDD250>, <Modules.TemplateModule.Settings object at 0x000001F8F5EDD1C0>, <Modules.WOWRoms.Settings object at 0x000001F8F5EDD220>] module(s)
INFO - MAIN_Logger - "2021-12-18 19:49:48,055": PYTHON VERSION: 3.9.7 (tags/v3.9.7:1016ef3, Aug 30 2021, 20:19:38) [MSC v.1929 64 bit (AMD64)]
INFO - MAIN_Logger - "2021-12-18 19:49:48,055": PLATFORM: win32
INFO - MAIN_Logger - "2021-12-18 19:49:48,170": Loaded [<Modules.NXBrew.Settings object at 0x000001E5E8ACD250>, <Modules.TemplateModule.Settings object at 0x000001E5E8ACD1C0>, <Modules.WOWRoms.Settings object at 0x000001E5E8ACD220>] module(s)
INFO - MAIN_Logger - "2021-12-18 19:50:17,011": PYTHON VERSION: 3.9.7 (tags/v3.9.7:1016ef3, Aug 30 2021, 20:19:38) [MSC v.1929 64 bit (AMD64)]
INFO - MAIN_Logger - "2021-12-18 19:50:17,012": PLATFORM: win32
INFO - MAIN_Logger - "2021-12-18 19:50:17,127": Loaded [<Modules.NXBrew.Settings object at 0x000001EA4A25D250>, <Modules.TemplateModule.Settings object at 0x000001EA4A25D1C0>, <Modules.WOWRoms.Settings object at 0x000001EA4A25D220>] module(s)
INFO - MAIN_Logger - "2021-12-18 19:50:55,983": PYTHON VERSION: 3.9.7 (tags/v3.9.7:1016ef3, Aug 30 2021, 20:19:38) [MSC v.1929 64 bit (AMD64)]
INFO - MAIN_Logger - "2021-12-18 19:50:55,984": PLATFORM: win32
INFO - MAIN_Logger - "2021-12-18 19:50:56,104": Loaded [<Modules.NXBrew.Settings object at 0x0000017C62A4D250>, <Modules.TemplateModule.Settings object at 0x0000017C62A4D1C0>, <Modules.WOWRoms.Settings object at 0x0000017C62A4D220>] module(s)
INFO - MAIN_Logger - "2021-12-18 19:53:24,971": PYTHON VERSION: 3.9.7 (tags/v3.9.7:1016ef3, Aug 30 2021, 20:19:38) [MSC v.1929 64 bit (AMD64)]
INFO - MAIN_Logger - "2021-12-18 19:53:24,971": PLATFORM: win32
INFO - MAIN_Logger - "2021-12-18 19:53:25,091": Loaded [<Modules.NXBrew.Settings object at 0x00000150F944D250>, <Modules.TemplateModule.Settings object at 0x00000150F944D1C0>, <Modules.WOWRoms.Settings object at 0x00000150F944D220>] module(s)
INFO - MAIN_Logger - "2021-12-18 19:54:39,618": PYTHON VERSION: 3.9.7 (tags/v3.9.7:1016ef3, Aug 30 2021, 20:19:38) [MSC v.1929 64 bit (AMD64)]
INFO - MAIN_Logger - "2021-12-18 19:54:39,618": PLATFORM: win32
INFO - MAIN_Logger - "2021-12-18 19:54:39,734": Loaded [<Modules.NXBrew.Settings object at 0x00000241909CD250>, <Modules.TemplateModule.Settings object at 0x00000241909CD1C0>, <Modules.WOWRoms.Settings object at 0x00000241909CD220>] module(s)
INFO - MAIN_Logger - "2021-12-18 19:54:53,411": PYTHON VERSION: 3.9.7 (tags/v3.9.7:1016ef3, Aug 30 2021, 20:19:38) [MSC v.1929 64 bit (AMD64)]
INFO - MAIN_Logger - "2021-12-18 19:54:53,411": PLATFORM: win32
INFO - MAIN_Logger - "2021-12-18 19:54:53,544": Loaded [<Modules.NXBrew.Settings object at 0x0000015498F8D250>, <Modules.TemplateModule.Settings object at 0x0000015498F8D1C0>, <Modules.WOWRoms.Settings object at 0x0000015498F8D220>] module(s)
INFO - MAIN_Logger - "2021-12-18 19:55:00,444": PYTHON VERSION: 3.9.7 (tags/v3.9.7:1016ef3, Aug 30 2021, 20:19:38) [MSC v.1929 64 bit (AMD64)]
INFO - MAIN_Logger - "2021-12-18 19:55:00,444": PLATFORM: win32
INFO - MAIN_Logger - "2021-12-18 19:55:00,564": Loaded [<Modules.NXBrew.Settings object at 0x00000291920FD250>, <Modules.TemplateModule.Settings object at 0x00000291920FD1C0>, <Modules.WOWRoms.Settings object at 0x00000291920FD220>] module(s)
INFO - MAIN_Logger - "2021-12-18 19:55:20,160": PYTHON VERSION: 3.9.7 (tags/v3.9.7:1016ef3, Aug 30 2021, 20:19:38) [MSC v.1929 64 bit (AMD64)]
INFO - MAIN_Logger - "2021-12-18 19:55:20,161": PLATFORM: win32
INFO - MAIN_Logger - "2021-12-18 19:55:20,291": Loaded [<Modules.NXBrew.Settings object at 0x00000236E35CD250>, <Modules.TemplateModule.Settings object at 0x00000236E35CD1C0>, <Modules.WOWRoms.Settings object at 0x00000236E35CD220>] module(s)
INFO - MAIN_Logger - "2021-12-18 19:55:31,913": PYTHON VERSION: 3.9.7 (tags/v3.9.7:1016ef3, Aug 30 2021, 20:19:38) [MSC v.1929 64 bit (AMD64)]
INFO - MAIN_Logger - "2021-12-18 19:55:31,913": PLATFORM: win32
INFO - MAIN_Logger - "2021-12-18 19:55:32,037": Loaded [<Modules.NXBrew.Settings object at 0x0000023D1B58D250>, <Modules.TemplateModule.Settings object at 0x0000023D1B58D1C0>, <Modules.WOWRoms.Settings object at 0x0000023D1B58D220>] module(s)
INFO - MAIN_Logger - "2021-12-18 19:55:53,682": PYTHON VERSION: 3.9.7 (tags/v3.9.7:1016ef3, Aug 30 2021, 20:19:38) [MSC v.1929 64 bit (AMD64)]
INFO - MAIN_Logger - "2021-12-18 19:55:53,682": PLATFORM: win32
INFO - MAIN_Logger - "2021-12-18 19:55:53,832": Loaded [<Modules.NXBrew.Settings object at 0x000001F9E81DD250>, <Modules.TemplateModule.Settings object at 0x000001F9E81DD1C0>, <Modules.WOWRoms.Settings object at 0x000001F9E81DD220>] module(s)
INFO - MAIN_Logger - "2021-12-18 19:56:12,799": PYTHON VERSION: 3.9.7 (tags/v3.9.7:1016ef3, Aug 30 2021, 20:19:38) [MSC v.1929 64 bit (AMD64)]
INFO - MAIN_Logger - "2021-12-18 19:56:12,799": PLATFORM: win32
INFO - MAIN_Logger - "2021-12-18 19:56:12,927": Loaded [<Modules.NXBrew.Settings object at 0x000002BF89BED250>, <Modules.TemplateModule.Settings object at 0x000002BF89BED1C0>, <Modules.WOWRoms.Settings object at 0x000002BF89BED220>] module(s)
INFO - MAIN_Logger - "2021-12-18 19:57:11,925": PYTHON VERSION: 3.9.7 (tags/v3.9.7:1016ef3, Aug 30 2021, 20:19:38) [MSC v.1929 64 bit (AMD64)]
INFO - MAIN_Logger - "2021-12-18 19:57:11,925": PLATFORM: win32
INFO - MAIN_Logger - "2021-12-18 19:57:12,040": Loaded [<Modules.NXBrew.Settings object at 0x00000170F6BCD250>, <Modules.TemplateModule.Settings object at 0x00000170F6BCD1C0>, <Modules.WOWRoms.Settings object at 0x00000170F6BCD220>] module(s)
INFO - MAIN_Logger - "2021-12-18 19:57:30,782": PYTHON VERSION: 3.9.7 (tags/v3.9.7:1016ef3, Aug 30 2021, 20:19:38) [MSC v.1929 64 bit (AMD64)]
INFO - MAIN_Logger - "2021-12-18 19:57:30,782": PLATFORM: win32
INFO - MAIN_Logger - "2021-12-18 19:57:30,901": Loaded [<Modules.NXBrew.Settings object at 0x000002555028D250>, <Modules.TemplateModule.Settings object at 0x000002555028D1C0>, <Modules.WOWRoms.Settings object at 0x000002555028D220>] module(s)
INFO - MAIN_Logger - "2021-12-18 19:57:58,809": PYTHON VERSION: 3.9.7 (tags/v3.9.7:1016ef3, Aug 30 2021, 20:19:38) [MSC v.1929 64 bit (AMD64)]
INFO - MAIN_Logger - "2021-12-18 19:57:58,810": PLATFORM: win32
INFO - MAIN_Logger - "2021-12-18 19:57:58,929": Loaded [<Modules.NXBrew.Settings object at 0x000002096853D250>, <Modules.TemplateModule.Settings object at 0x000002096853D1C0>, <Modules.WOWRoms.Settings object at 0x000002096853D220>] module(s)
INFO - MAIN_Logger - "2021-12-18 19:58:34,129": PYTHON VERSION: 3.9.7 (tags/v3.9.7:1016ef3, Aug 30 2021, 20:19:38) [MSC v.1929 64 bit (AMD64)]
INFO - MAIN_Logger - "2021-12-18 19:58:34,129": PLATFORM: win32
INFO - MAIN_Logger - "2021-12-18 19:58:34,247": Loaded [<Modules.NXBrew.Settings object at 0x000001C92013D250>, <Modules.TemplateModule.Settings object at 0x000001C92013D1C0>, <Modules.WOWRoms.Settings object at 0x000001C92013D220>] module(s)
INFO - MAIN_Logger - "2021-12-18 19:58:53,506": PYTHON VERSION: 3.9.7 (tags/v3.9.7:1016ef3, Aug 30 2021, 20:19:38) [MSC v.1929 64 bit (AMD64)]
INFO - MAIN_Logger - "2021-12-18 19:58:53,506": PLATFORM: win32
INFO - MAIN_Logger - "2021-12-18 19:58:53,622": Loaded [<Modules.NXBrew.Settings object at 0x00000259DB1BD250>, <Modules.TemplateModule.Settings object at 0x00000259DB1BD1C0>, <Modules.WOWRoms.Settings object at 0x00000259DB1BD220>] module(s)
INFO - MAIN_Logger - "2021-12-18 19:59:14,581": PYTHON VERSION: 3.9.7 (tags/v3.9.7:1016ef3, Aug 30 2021, 20:19:38) [MSC v.1929 64 bit (AMD64)]
INFO - MAIN_Logger - "2021-12-18 19:59:14,582": PLATFORM: win32
INFO - MAIN_Logger - "2021-12-18 19:59:14,706": Loaded [<Modules.NXBrew.Settings object at 0x000002B90A9AD250>, <Modules.TemplateModule.Settings object at 0x000002B90A9AD1C0>, <Modules.WOWRoms.Settings object at 0x000002B90A9AD220>] module(s)
INFO - MAIN_Logger - "2021-12-18 20:05:16,955": PYTHON VERSION: 3.9.7 (tags/v3.9.7:1016ef3, Aug 30 2021, 20:19:38) [MSC v.1929 64 bit (AMD64)]
INFO - MAIN_Logger - "2021-12-18 20:05:16,955": PLATFORM: win32
INFO - MAIN_Logger - "2021-12-18 20:05:17,065": Loaded [<Modules.NXBrew.Settings object at 0x0000021BE85CD250>, <Modules.TemplateModule.Settings object at 0x0000021BE85CD1C0>, <Modules.WOWRoms.Settings object at 0x0000021BE85CD220>] module(s)
INFO - MAIN_Logger - "2021-12-18 20:05:39,253": PYTHON VERSION: 3.9.7 (tags/v3.9.7:1016ef3, Aug 30 2021, 20:19:38) [MSC v.1929 64 bit (AMD64)]
INFO - MAIN_Logger - "2021-12-18 20:05:39,253": PLATFORM: win32
INFO - MAIN_Logger - "2021-12-18 20:05:39,377": Loaded [<Modules.NXBrew.Settings object at 0x000001BE8DB7D250>, <Modules.TemplateModule.Settings object at 0x000001BE8DB7D1C0>, <Modules.WOWRoms.Settings object at 0x000001BE8DB7D220>] module(s)
INFO - MAIN_Logger - "2021-12-18 20:12:49,110": PYTHON VERSION: 3.9.7 (tags/v3.9.7:1016ef3, Aug 30 2021, 20:19:38) [MSC v.1929 64 bit (AMD64)]
INFO - MAIN_Logger - "2021-12-18 20:12:49,110": PLATFORM: win32
INFO - MAIN_Logger - "2021-12-18 20:12:49,220": Loaded [<Modules.NXBrew.Settings object at 0x000002886F39D250>, <Modules.TemplateModule.Settings object at 0x000002886F39D1C0>, <Modules.WOWRoms.Settings object at 0x000002886F39D220>] module(s)
INFO - MAIN_Logger - "2021-12-18 20:13:43,599": PYTHON VERSION: 3.9.7 (tags/v3.9.7:1016ef3, Aug 30 2021, 20:19:38) [MSC v.1929 64 bit (AMD64)]
INFO - MAIN_Logger - "2021-12-18 20:13:43,599": PLATFORM: win32
INFO - MAIN_Logger - "2021-12-18 20:13:43,721": Loaded [<Modules.NXBrew.Settings object at 0x000001DAD680D250>, <Modules.TemplateModule.Settings object at 0x000001DAD680D1C0>, <Modules.WOWRoms.Settings object at 0x000001DAD680D220>] module(s)
INFO - MAIN_Logger - "2021-12-18 20:13:55,225": PYTHON VERSION: 3.9.7 (tags/v3.9.7:1016ef3, Aug 30 2021, 20:19:38) [MSC v.1929 64 bit (AMD64)]
INFO - MAIN_Logger - "2021-12-18 20:13:55,225": PLATFORM: win32
INFO - MAIN_Logger - "2021-12-18 20:13:55,346": Loaded [<Modules.NXBrew.Settings object at 0x0000019032F4D250>, <Modules.TemplateModule.Settings object at 0x0000019032F4D1C0>, <Modules.WOWRoms.Settings object at 0x0000019032F4D220>] module(s)
INFO - MAIN_Logger - "2021-12-18 20:15:58,451": PYTHON VERSION: 3.9.7 (tags/v3.9.7:1016ef3, Aug 30 2021, 20:19:38) [MSC v.1929 64 bit (AMD64)]
INFO - MAIN_Logger - "2021-12-18 20:15:58,451": PLATFORM: win32
INFO - MAIN_Logger - "2021-12-18 20:15:58,574": Loaded [<Modules.NXBrew.Settings object at 0x0000027232C7D250>, <Modules.TemplateModule.Settings object at 0x0000027232C7D1C0>, <Modules.WOWRoms.Settings object at 0x0000027232C7D220>] module(s)
INFO - MAIN_Logger - "2021-12-18 20:16:27,109": PYTHON VERSION: 3.9.7 (tags/v3.9.7:1016ef3, Aug 30 2021, 20:19:38) [MSC v.1929 64 bit (AMD64)]
INFO - MAIN_Logger - "2021-12-18 20:16:27,109": PLATFORM: win32
INFO - MAIN_Logger - "2021-12-18 20:16:27,232": Loaded [<Modules.NXBrew.Settings object at 0x00000282FF83D250>, <Modules.TemplateModule.Settings object at 0x00000282FF83D1C0>, <Modules.WOWRoms.Settings object at 0x00000282FF83D220>] module(s)
INFO - MAIN_Logger - "2021-12-18 20:16:45,604": PYTHON VERSION: 3.9.7 (tags/v3.9.7:1016ef3, Aug 30 2021, 20:19:38) [MSC v.1929 64 bit (AMD64)]
INFO - MAIN_Logger - "2021-12-18 20:16:45,604": PLATFORM: win32
INFO - MAIN_Logger - "2021-12-18 20:16:45,714": Loaded [<Modules.NXBrew.Settings object at 0x000001F8149DD250>, <Modules.TemplateModule.Settings object at 0x000001F8149DD1C0>, <Modules.WOWRoms.Settings object at 0x000001F8149DD220>] module(s)
INFO - MAIN_Logger - "2021-12-18 20:17:07,028": PYTHON VERSION: 3.9.7 (tags/v3.9.7:1016ef3, Aug 30 2021, 20:19:38) [MSC v.1929 64 bit (AMD64)]
INFO - MAIN_Logger - "2021-12-18 20:17:07,028": PLATFORM: win32
INFO - MAIN_Logger - "2021-12-18 20:17:07,145": Loaded [<Modules.NXBrew.Settings object at 0x00000207A7E8D250>, <Modules.TemplateModule.Settings object at 0x00000207A7E8D1C0>, <Modules.WOWRoms.Settings object at 0x00000207A7E8D220>] module(s)
INFO - MAIN_Logger - "2021-12-18 20:19:08,744": PYTHON VERSION: 3.9.7 (tags/v3.9.7:1016ef3, Aug 30 2021, 20:19:38) [MSC v.1929 64 bit (AMD64)]
INFO - MAIN_Logger - "2021-12-18 20:19:08,744": PLATFORM: win32
INFO - MAIN_Logger - "2021-12-18 20:19:08,855": Loaded [<Modules.NXBrew.Settings object at 0x000001E35DB7D250>, <Modules.TemplateModule.Settings object at 0x000001E35DB7D1C0>, <Modules.WOWRoms.Settings object at 0x000001E35DB7D220>] module(s)
INFO - MAIN_Logger - "2021-12-18 20:20:53,188": PYTHON VERSION: 3.9.7 (tags/v3.9.7:1016ef3, Aug 30 2021, 20:19:38) [MSC v.1929 64 bit (AMD64)]
INFO - MAIN_Logger - "2021-12-18 20:20:53,188": PLATFORM: win32
INFO - MAIN_Logger - "2021-12-18 20:20:53,307": Loaded [<Modules.NXBrew.Settings object at 0x000002036976D250>, <Modules.TemplateModule.Settings object at 0x000002036976D1C0>, <Modules.WOWRoms.Settings object at 0x000002036976D220>] module(s)
INFO - MAIN_Logger - "2021-12-18 20:21:21,726": PYTHON VERSION: 3.9.7 (tags/v3.9.7:1016ef3, Aug 30 2021, 20:19:38) [MSC v.1929 64 bit (AMD64)]
INFO - MAIN_Logger - "2021-12-18 20:21:21,726": PLATFORM: win32
INFO - MAIN_Logger - "2021-12-18 20:21:21,840": Loaded [<Modules.NXBrew.Settings object at 0x000001EE92E4D250>, <Modules.TemplateModule.Settings object at 0x000001EE92E4D1C0>, <Modules.WOWRoms.Settings object at 0x000001EE92E4D220>] module(s)
INFO - MAIN_Logger - "2021-12-18 20:21:34,967": PYTHON VERSION: 3.9.7 (tags/v3.9.7:1016ef3, Aug 30 2021, 20:19:38) [MSC v.1929 64 bit (AMD64)]
INFO - MAIN_Logger - "2021-12-18 20:21:34,968": PLATFORM: win32
INFO - MAIN_Logger - "2021-12-18 20:21:35,098": Loaded [<Modules.NXBrew.Settings object at 0x0000027D7533D250>, <Modules.TemplateModule.Settings object at 0x0000027D7533D1C0>, <Modules.WOWRoms.Settings object at 0x0000027D75FE8FD0>] module(s)
INFO - MAIN_Logger - "2021-12-18 20:22:00,033": PYTHON VERSION: 3.9.7 (tags/v3.9.7:1016ef3, Aug 30 2021, 20:19:38) [MSC v.1929 64 bit (AMD64)]
INFO - MAIN_Logger - "2021-12-18 20:22:00,033": PLATFORM: win32
INFO - MAIN_Logger - "2021-12-18 20:22:00,173": Loaded [<Modules.NXBrew.Settings object at 0x0000027F690ED250>, <Modules.TemplateModule.Settings object at 0x0000027F690ED1C0>, <Modules.WOWRoms.Settings object at 0x0000027F690ED220>] module(s)
INFO - MAIN_Logger - "2021-12-18 20:22:39,294": PYTHON VERSION: 3.9.7 (tags/v3.9.7:1016ef3, Aug 30 2021, 20:19:38) [MSC v.1929 64 bit (AMD64)]
INFO - MAIN_Logger - "2021-12-18 20:22:39,294": PLATFORM: win32
INFO - MAIN_Logger - "2021-12-18 20:22:39,404": Loaded [<Modules.NXBrew.Settings object at 0x000001DD981FD250>, <Modules.TemplateModule.Settings object at 0x000001DD981FD1C0>, <Modules.WOWRoms.Settings object at 0x000001DD981FD220>] module(s)
INFO - MAIN_Logger - "2021-12-18 20:24:51,905": PYTHON VERSION: 3.9.7 (tags/v3.9.7:1016ef3, Aug 30 2021, 20:19:38) [MSC v.1929 64 bit (AMD64)]
INFO - MAIN_Logger - "2021-12-18 20:24:51,905": PLATFORM: win32
INFO - MAIN_Logger - "2021-12-18 20:24:52,038": Loaded [<Modules.NXBrew.Settings object at 0x000001ACBA26D250>, <Modules.TemplateModule.Settings object at 0x000001ACBA26D1C0>, <Modules.WOWRoms.Settings object at 0x000001ACBA26D220>] module(s)
INFO - MAIN_Logger - "2021-12-20 13:22:05,119": PYTHON VERSION: 3.9.7 (tags/v3.9.7:1016ef3, Aug 30 2021, 20:19:38) [MSC v.1929 64 bit (AMD64)]
INFO - MAIN_Logger - "2021-12-20 13:22:05,119": PLATFORM: win32
INFO - MAIN_Logger - "2021-12-20 13:22:05,306": Loaded [<Modules.NXBrew.Settings object at 0x000001EA4454C2E0>, <Modules.TemplateModule.Settings object at 0x000001EA4454C250>, <Modules.WOWRoms.Settings object at 0x000001EA4454C2B0>] module(s)
INFO - MAIN_Logger - "2021-12-20 13:22:30,984": PYTHON VERSION: 3.9.7 (tags/v3.9.7:1016ef3, Aug 30 2021, 20:19:38) [MSC v.1929 64 bit (AMD64)]
INFO - MAIN_Logger - "2021-12-20 13:22:30,984": PLATFORM: win32
INFO - MAIN_Logger - "2021-12-20 13:22:31,099": Loaded [<Modules.NXBrew.Settings object at 0x000001EFD974C2E0>, <Modules.TemplateModule.Settings object at 0x000001EFD974C250>, <Modules.WOWRoms.Settings object at 0x000001EFD974C2B0>] module(s)
INFO - MAIN_Logger - "2021-12-20 13:22:38,741": PYTHON VERSION: 3.9.7 (tags/v3.9.7:1016ef3, Aug 30 2021, 20:19:38) [MSC v.1929 64 bit (AMD64)]
INFO - MAIN_Logger - "2021-12-20 13:22:38,741": PLATFORM: win32
INFO - MAIN_Logger - "2021-12-20 13:22:38,860": Loaded [<Modules.NXBrew.Settings object at 0x000001F3AC94C2E0>, <Modules.TemplateModule.Settings object at 0x000001F3AC94C250>, <Modules.WOWRoms.Settings object at 0x000001F3AC94C2B0>] module(s)
INFO - MAIN_Logger - "2021-12-20 13:24:40,255": PYTHON VERSION: 3.9.7 (tags/v3.9.7:1016ef3, Aug 30 2021, 20:19:38) [MSC v.1929 64 bit (AMD64)]
INFO - MAIN_Logger - "2021-12-20 13:24:40,255": PLATFORM: win32
INFO - MAIN_Logger - "2021-12-20 13:24:40,383": Loaded [<Modules.NXBrew.Settings object at 0x000001586BDBC2E0>, <Modules.TemplateModule.Settings object at 0x000001586BDBC250>, <Modules.WOWRoms.Settings object at 0x000001586BDBC2B0>] module(s)
INFO - MAIN_Logger - "2021-12-21 20:21:35,029": PYTHON VERSION: 3.9.7 (tags/v3.9.7:1016ef3, Aug 30 2021, 20:19:38) [MSC v.1929 64 bit (AMD64)]
INFO - MAIN_Logger - "2021-12-21 20:21:35,029": PLATFORM: win32
INFO - MAIN_Logger - "2021-12-21 20:21:35,220": Loaded [<Modules.NXBrew.Settings object at 0x00000194BB8DC2E0>, <Modules.TemplateModule.Settings object at 0x00000194BB8DC250>, <Modules.WOWRoms.Settings object at 0x00000194BB8DC2B0>] module(s)
INFO - MAIN_Logger - "2021-12-21 20:22:20,384": PYTHON VERSION: 3.9.7 (tags/v3.9.7:1016ef3, Aug 30 2021, 20:19:38) [MSC v.1929 64 bit (AMD64)]
INFO - MAIN_Logger - "2021-12-21 20:22:20,384": PLATFORM: win32
INFO - MAIN_Logger - "2021-12-21 20:22:20,493": Loaded [<Modules.NXBrew.Settings object at 0x000001EB6DF6C2E0>, <Modules.TemplateModule.Settings object at 0x000001EB6DF6C250>, <Modules.WOWRoms.Settings object at 0x000001EB6DF6C2B0>] module(s)
INFO - NXBrew_Logger - "2021-12-21 20:22:29,526": INITIALIZED NXBrew
INFO - Template_Logger - "2021-12-21 20:22:30,649": INITIALIZED TemplateModule
INFO - WOWRoms_Logger - "2021-12-21 20:22:31,753": INITIALIZED WOWRoms
INFO - MAIN_Logger - "2021-12-21 20:22:31,764": PHASE 1 SEARCHING loop with NXBrew
INFO - MAIN_Logger - "2021-12-21 20:22:31,767": PHASE 1 SEARCHING loop with TemplateModule
INFO - MAIN_Logger - "2021-12-21 20:22:31,768": PHASE 1 SEARCHING loop with WOWRoms
INFO - MAIN_Logger - "2021-12-21 20:22:31,768": Search phase ended
INFO - MAIN_Logger - "2021-12-21 20:22:32,782": Completed search with 1/3 module(s) [[<Modules.TemplateModule.module object at 0x000001EB6EC44070>]]
INFO - MAIN_Logger - "2021-12-21 20:22:32,782": Completed search with 2/3 module(s) [[<Modules.TemplateModule.module object at 0x000001EB6EC44070>], [<Modules.WOWRoms.module object at 0x000001EB6EC443D0>]]
INFO - NXBrew_Logger - "2021-12-21 20:22:38,718": Searching in: https://nxbrew.com/search/loop/
INFO - MAIN_Logger - "2021-12-21 20:22:41,562": Completed search with all modules!
INFO - MAIN_Logger - "2021-12-21 20:22:41,563": Executing PHASE 2 with: TemplateModule module
INFO - MAIN_Logger - "2021-12-21 20:22:41,564": Executing PHASE 2 with: WOWRoms module
INFO - MAIN_Logger - "2021-12-21 20:22:41,566": Executing PHASE 2 with: NXBrew module
INFO - WOWRoms_Logger - "2021-12-21 20:22:41,566": Searching for loop in https://wowroms.com/en/roms/list/Nintendo%2BGameboy%2BAdvance?search=loop&sort=download
INFO - MAIN_Logger - "2021-12-21 20:22:41,772": Executing PHASE 3 with: NXBrew module
INFO - MAIN_Logger - "2021-12-21 20:22:42,013": Executing PHASE 4 with: NXBrew module
INFO - WOWRoms_Logger - "2021-12-21 20:22:44,295": Website reached
INFO - WOWRoms_Logger - "2021-12-21 20:22:44,303": Element found
INFO - MAIN_Logger - "2021-12-21 20:22:44,727": Executing PHASE 3 with: WOWRoms module
INFO - MAIN_Logger - "2021-12-21 20:22:44,727": Executing PHASE 4 with: WOWRoms module
INFO - MAIN_Logger - "2021-12-21 20:22:44,882": Executing PHASE 3 with: TemplateModule module
INFO - MAIN_Logger - "2021-12-21 20:22:44,883": Executing PHASE 4 with: TemplateModule module
INFO - MAIN_Logger - "2021-12-21 20:22:45,052": Waiting for USER to choose GAME
INFO - MAIN_Logger - "2021-12-21 20:22:55,281": USER selected Loop Hero Switch NSP (eShop)
INFO - NXBrew_Logger - "2021-12-21 20:23:00,412": RESULTS ARRAY: ['Base Game NSP (212 MB)', '1Fichier', '/go.php?u=YNQbo9QQQJfepb9PjC7JTId7jA%3D%3D&b=5', 'HexUpload', '/go.php?u=YNQbo9QQQJfepb9PjC7JTId7jQ%3D%3D&b=5', 'MegaUp', '/go.php?u=YNQbo9QQQJfepb9PjC7JTId7jg%3D%3D&b=5', 'Google Drive', '/go.php?u=YNQbo9QQQJfepb9PjC7JTId7jw%3D%3D&b=5']
INFO - MAIN_Logger - "2021-12-21 22:19:20,897": PYTHON VERSION: 3.9.7 (tags/v3.9.7:1016ef3, Aug 30 2021, 20:19:38) [MSC v.1929 64 bit (AMD64)]
INFO - MAIN_Logger - "2021-12-21 22:19:20,898": PLATFORM: win32
INFO - MAIN_Logger - "2021-12-21 22:19:21,046": Loaded [<Modules.NXBrew.Settings object at 0x0000011C0938C2E0>, <Modules.TemplateModule.Settings object at 0x0000011C0938C250>, <Modules.WOWRoms.Settings object at 0x0000011C0938C2B0>] module(s)
INFO - NXBrew_Logger - "2021-12-21 22:19:29,998": INITIALIZED NXBrew
INFO - Template_Logger - "2021-12-21 22:19:31,058": INITIALIZED TemplateModule
INFO - WOWRoms_Logger - "2021-12-21 22:19:32,098": INITIALIZED WOWRoms
INFO - MAIN_Logger - "2021-12-21 22:19:32,098": PHASE 1 SEARCHING pokemon with NXBrew
INFO - MAIN_Logger - "2021-12-21 22:19:32,098": PHASE 1 SEARCHING pokemon with TemplateModule
INFO - MAIN_Logger - "2021-12-21 22:19:32,098": PHASE 1 SEARCHING pokemon with WOWRoms
INFO - MAIN_Logger - "2021-12-21 22:19:32,099": Search phase ended
INFO - MAIN_Logger - "2021-12-21 22:19:33,113": Completed search with 1/3 module(s) [[<Modules.TemplateModule.module object at 0x0000011C0A128FA0>]]
INFO - MAIN_Logger - "2021-12-21 22:19:33,113": Completed search with 2/3 module(s) [[<Modules.TemplateModule.module object at 0x0000011C0A128FA0>], [<Modules.WOWRoms.module object at 0x0000011C0A128FD0>]]
INFO - NXBrew_Logger - "2021-12-21 22:19:38,998": Searching in: https://nxbrew.com/search/pokemon/
INFO - MAIN_Logger - "2021-12-21 22:19:41,687": Completed search with all modules!
INFO - MAIN_Logger - "2021-12-21 22:19:41,687": Executing PHASE 2 with: TemplateModule module
INFO - MAIN_Logger - "2021-12-21 22:19:41,688": Executing PHASE 2 with: WOWRoms module
INFO - WOWRoms_Logger - "2021-12-21 22:19:41,689": Searching for pokemon in https://wowroms.com/en/roms/list/Nintendo%2BGameboy%2BAdvance?search=pokemon&sort=download
INFO - MAIN_Logger - "2021-12-21 22:19:41,690": Executing PHASE 2 with: NXBrew module
INFO - MAIN_Logger - "2021-12-21 22:19:41,882": Executing PHASE 3 with: NXBrew module
INFO - MAIN_Logger - "2021-12-21 22:19:42,172": Executing PHASE 4 with: NXBrew module
INFO - WOWRoms_Logger - "2021-12-21 22:19:44,894": Website reached
INFO - WOWRoms_Logger - "2021-12-21 22:19:44,947": Element found
INFO - MAIN_Logger - "2021-12-21 22:19:46,071": Executing PHASE 3 with: TemplateModule module
INFO - MAIN_Logger - "2021-12-21 22:19:46,072": Executing PHASE 4 with: TemplateModule module
INFO - MAIN_Logger - "2021-12-21 22:19:48,939": Executing PHASE 3 with: WOWRoms module
INFO - MAIN_Logger - "2021-12-21 22:19:48,942": Executing PHASE 4 with: WOWRoms module
INFO - MAIN_Logger - "2021-12-21 22:19:51,969": Waiting for USER to choose GAME
INFO - MAIN_Logger - "2021-12-21 22:20:55,296": USER selected Pokémon Brilliant Diamond Switch XCI/NSP + Update 1.1.2
INFO - NXBrew_Logger - "2021-12-21 22:21:00,300": RESULTS ARRAY: ['Base Game NSP (4.29 GB)', '1Fichier', '/go.php?u=GZGmBtvleqq0yLdq0udB4z3XxQ%3D%3D&b=5', 'HexUpload', '/go.php?u=GZGmBtvleqq0yLdq0udB4zvYwg%3D%3D&b=5', 'MegaUp', '/go.php?u=GZGmBtvleqq0yLdq0udB4z3Xxw%3D%3D&b=5', 'Google Drive', '/go.php?u=GZGmBtvleqq0yLdq0udB4z3Xxg%3D%3D&b=5', 'Torrent', '/go.php?u=GZGmBtvleqq0yLdq0udB4z3Www%3D%3D&b=5', 'Base Game XCI (4.65 GB)', '1Fichier', '/go.php?u=GZGmBtvleqq0yLdq0udB4j3Xwg%3D%3D&b=5', 'HexUpload', '/go.php?u=GZGmBtvleqq0yLdq0udB4zvYxQ%3D%3D&b=5', 'MegaUp', '/go.php?u=GZGmBtvleqq0yLdq0udB4j3XxA%3D%3D&b=5', 'Update 1.1.2 (v196608)', '/go.php?u=GZGmBtvleqq0yLdq0udB4DnXxw%3D%3D&b=5', '/go.php?u=GZGmBtvleqq0yLdq0udB4DnXxg%3D%3D&b=5', '/go.php?u=GZGmBtvleqq0yLdq0udB4DnXyQ%3D%3D&b=5', '/go.php?u=GZGmBtvleqq0yLdq0udB4DnWww%3D%3D&b=5']
INFO - MAIN_Logger - "2021-12-21 22:21:10,119": Cleaning Torrent /go.php?u=GZGmBtvleqq0yLdq0udB4DnWww%3D%3D&b=5
INFO - NXBrew_Logger - "2021-12-21 22:21:12,755": Cleaned link: https://cutdl.xyz/oew1
INFO - MAIN_Logger - "2021-12-21 22:21:12,755": Cleaned link: https://cutdl.xyz/oew1
INFO - MAIN_Logger - "2021-12-21 22:21:14,913": Opening browser to https://cutdl.xyz/oew1
INFO - MAIN_Logger - "2021-12-21 22:22:06,262": Cleaning MegaUp /go.php?u=GZGmBtvleqq0yLdq0udB4DnXyQ%3D%3D&b=5
INFO - NXBrew_Logger - "2021-12-21 22:22:08,552": Cleaned link: https://cutdl.xyz/QjS9i06
INFO - MAIN_Logger - "2021-12-21 22:22:08,552": Cleaned link: https://cutdl.xyz/QjS9i06
INFO - MAIN_Logger - "2021-12-21 22:22:09,980": Opening browser to https://cutdl.xyz/QjS9i06
INFO - NXBrew_Logger - "2021-12-21 22:42:10,382": INITIALIZED NXBrew
INFO - Template_Logger - "2021-12-21 22:42:11,425": INITIALIZED TemplateModule
INFO - WOWRoms_Logger - "2021-12-21 22:42:12,426": INITIALIZED WOWRoms
INFO - MAIN_Logger - "2021-12-25 18:19:38,453": PYTHON VERSION: 3.9.7 (tags/v3.9.7:1016ef3, Aug 30 2021, 20:19:38) [MSC v.1929 64 bit (AMD64)]
INFO - MAIN_Logger - "2021-12-25 18:19:38,453": PLATFORM: win32
INFO - MAIN_Logger - "2021-12-25 18:19:38,663": Loaded [<Modules.NXBrew.Settings object at 0x000001EA11D6C2E0>, <Modules.TemplateModule.Settings object at 0x000001EA11D6C250>, <Modules.WOWRoms.Settings object at 0x000001EA11D6C2B0>] module(s)
INFO - NXBrew_Logger - "2021-12-25 18:19:46,988": INITIALIZED NXBrew
INFO - Template_Logger - "2021-12-25 18:19:47,995": INITIALIZED TemplateModule
INFO - WOWRoms_Logger - "2021-12-25 18:19:48,984": INITIALIZED WOWRoms
INFO - MAIN_Logger - "2021-12-25 18:19:48,985": PHASE 1 SEARCHING forager with NXBrew
INFO - MAIN_Logger - "2021-12-25 18:19:48,987": PHASE 1 SEARCHING forager with TemplateModule
INFO - MAIN_Logger - "2021-12-25 18:19:48,987": PHASE 1 SEARCHING forager with WOWRoms
INFO - MAIN_Logger - "2021-12-25 18:19:48,987": Search phase ended
INFO - MAIN_Logger - "2021-12-25 18:19:49,999": Completed search with 1/3 module(s) [[<Modules.TemplateModule.module object at 0x000001EA12B08E50>]]
INFO - MAIN_Logger - "2021-12-25 18:19:49,999": Completed search with 2/3 module(s) [[<Modules.TemplateModule.module object at 0x000001EA12B08E50>], [<Modules.WOWRoms.module object at 0x000001EA12B08F10>]]
INFO - NXBrew_Logger - "2021-12-25 18:19:54,291": Searching in: https://nxbrew.com/search/forager/
INFO - MAIN_Logger - "2021-12-25 18:19:57,900": Completed search with all modules!
INFO - MAIN_Logger - "2021-12-25 18:19:57,900": Executing PHASE 2 with: TemplateModule module
INFO - MAIN_Logger - "2021-12-25 18:19:57,901": Executing PHASE 2 with: WOWRoms module
INFO - MAIN_Logger - "2021-12-25 18:19:57,902": Executing PHASE 2 with: NXBrew module
INFO - WOWRoms_Logger - "2021-12-25 18:19:57,907": Searching for forager in https://wowroms.com/en/roms/list/Nintendo%2BGameboy%2BAdvance?search=forager&sort=download
INFO - MAIN_Logger - "2021-12-25 18:19:58,039": Executing PHASE 3 with: NXBrew module
INFO - MAIN_Logger - "2021-12-25 18:19:58,107": Executing PHASE 4 with: NXBrew module
INFO - WOWRoms_Logger - "2021-12-25 18:20:00,822": Website reached
INFO - WOWRoms_Logger - "2021-12-25 18:20:00,838": Element found
INFO - MAIN_Logger - "2021-12-25 18:20:00,899": Executing PHASE 3 with: TemplateModule module
INFO - MAIN_Logger - "2021-12-25 18:20:00,900": Executing PHASE 3 with: WOWRoms module
INFO - MAIN_Logger - "2021-12-25 18:20:00,901": Executing PHASE 4 with: TemplateModule module
INFO - MAIN_Logger - "2021-12-25 18:20:00,901": Executing PHASE 4 with: WOWRoms module
INFO - MAIN_Logger - "2021-12-25 18:20:00,912": Waiting for USER to choose GAME
INFO - MAIN_Logger - "2021-12-25 18:20:01,893": USER selected Forager Switch NSP + Update (eShop)
INFO - NXBrew_Logger - "2021-12-25 18:20:07,128": RESULTS ARRAY: ['Base Game (128 MB)', '1Fichier', '/go.php?u=DvK0lVF6KmPH%2BJ7KYTxK8aPeMQ%3D%3D&b=5', 'HexUpload', '/go.php?u=DvK0lVF6KmPH%2BJ7KYTxL8KTTOw%3D%3D&b=5', 'MegaUp', '/go.php?u=DvK0lVF6KmPH%2BJ7KYTxL8KTSMg%3D%3D&b=5', 'Google Drive', '/go.php?u=DvK0lVF6KmPH%2BJ7KYTxK8aPeMg%3D%3D&b=5', 'Update 4.1.3 (v131072)', '/go.php?u=DvK0lVF6KmPH%2BJ7KYTxK8aPeNA%3D%3D&b=5', '/go.php?u=DvK0lVF6KmPH%2BJ7KYTxL8KTSMw%3D%3D&b=5', '/go.php?u=DvK0lVF6KmPH%2BJ7KYTxL8KTSMA%3D%3D&b=5', '/go.php?u=DvK0lVF6KmPH%2BJ7KYTxK8aPeMw%3D%3D&b=5']
INFO - MAIN_Logger - "2021-12-25 18:20:14,983": Cleaning Download /go.php?u=DvK0lVF6KmPH%2BJ7KYTxK8aPeMg%3D%3D&b=5
INFO - NXBrew_Logger - "2021-12-25 18:20:20,703": Cleaned link: https://cutdl.xyz/XlFN
INFO - MAIN_Logger - "2021-12-25 18:20:20,703": Cleaned link: https://cutdl.xyz/XlFN
INFO - MAIN_Logger - "2021-12-25 18:20:21,933": Opening browser to https://cutdl.xyz/XlFN
INFO - MAIN_Logger - "2021-12-25 18:20:50,016": Cleaning Google Drive /go.php?u=DvK0lVF6KmPH%2BJ7KYTxK8aPeMw%3D%3D&b=5
INFO - NXBrew_Logger - "2021-12-25 18:20:52,075": Cleaned link: https://cutdl.xyz/ZD0WCVGp
INFO - MAIN_Logger - "2021-12-25 18:20:52,075": Cleaned link: https://cutdl.xyz/ZD0WCVGp
INFO - MAIN_Logger - "2021-12-25 18:20:54,499": Cleaning MegaUp /go.php?u=DvK0lVF6KmPH%2BJ7KYTxL8KTSMA%3D%3D&b=5
INFO - NXBrew_Logger - "2021-12-25 18:20:59,467": Cleaned link: https://cutdl.xyz/gSJMx1F
INFO - MAIN_Logger - "2021-12-25 18:20:59,468": Cleaned link: https://cutdl.xyz/gSJMx1F
INFO - MAIN_Logger - "2021-12-25 18:21:03,119": Cleaning Google Drive /go.php?u=DvK0lVF6KmPH%2BJ7KYTxK8aPeMw%3D%3D&b=5
INFO - NXBrew_Logger - "2021-12-25 18:21:27,007": Cleaned link: https://cutdl.xyz/ZD0WCVGp
INFO - MAIN_Logger - "2021-12-25 18:21:27,007": Cleaned link: https://cutdl.xyz/ZD0WCVGp
INFO - MAIN_Logger - "2021-12-25 18:21:28,593": Opening browser to https://cutdl.xyz/ZD0WCVGp
INFO - MAIN_Logger - "2021-12-27 15:00:05,786": PYTHON VERSION: 3.8.10 (default, Nov 26 2021, 20:14:08) 
[GCC 9.3.0]
INFO - MAIN_Logger - "2021-12-27 15:00:05,786": PLATFORM: linux
INFO - MAIN_Logger - "2021-12-27 15:00:06,070": Loaded [<Modules.TemplateModule.Settings object at 0x7fd7ee8b88b0>, <Modules.NXBrew.Settings object at 0x7fd7ee8b8820>, <Modules.WOWRoms.Settings object at 0x7fd7ee8b8850>] module(s)
